

SQLITE Schemas from memory database
---
CREATE TABLE "blog" ("blog_id" INTEGER PRIMARY KEY AUTOINCREMENT, "title" TEXT NOT NULL, "body" TEXT NOT NULL, "author_id" INTEGER NOT NULL)
CREATE TABLE sqlite_sequence(name,seq)
CREATE INDEX "blog_author_0" ON "blog" ("author_id" ASC)
CREATE TABLE "comment" ("comment_id" INTEGER PRIMARY KEY AUTOINCREMENT, "blog_id" INTEGER NOT NULL, "body" TEXT NOT NULL, "author_id" INTEGER NOT NULL)
CREATE INDEX "comment_blog_0" ON "comment" ("blog_id" ASC)
CREATE INDEX "comment_author_0" ON "comment" ("author_id" ASC)
CREATE TABLE "user" ("user_id" INTEGER PRIMARY KEY AUTOINCREMENT, "username" TEXT NOT NULL, "password" TEXT NOT NULL, "display_name" TEXT NOT NULL)
CREATE TABLE "profile" ("profile_id" INTEGER PRIMARY KEY AUTOINCREMENT, "user_id" INTEGER NOT NULL, "fav_cheese" TEXT NOT NULL, "age" INTEGER NOT NULL)
CREATE INDEX "profile_user_0" ON "profile" ("user_id" ASC)
CREATE TABLE "tag" ("tag_id" INTEGER PRIMARY KEY AUTOINCREMENT, "tag" TEXT NOT NULL)
CREATE TABLE "blog_x_tag" ("blog_x_tag_id" INTEGER PRIMARY KEY AUTOINCREMENT, "l_blog_id" INTEGER NOT NULL, "r_tag_id" INTEGER NOT NULL)
CREATE INDEX "blog_x_tag_lhs_0" ON "blog_x_tag" ("l_blog_id" ASC)
CREATE INDEX "blog_x_tag_rhs_0" ON "blog_x_tag" ("r_tag_id" ASC)


MySQL statements that would be used
---
CREATE TABLE `blog` (`blog_id` SERIAL, `title` VARCHAR(255) NOT NULL, `body` TEXT NOT NULL, `author_id` INTEGER NOT NULL);
CREATE INDEX `blog_author_0` ON `blog` (`author_id` ASC);
CREATE TABLE `comment` (`comment_id` SERIAL, `blog_id` INTEGER NOT NULL, `body` TEXT NOT NULL, `author_id` INTEGER NOT NULL);
CREATE INDEX `comment_blog_0` ON `comment` (`blog_id` ASC);
CREATE INDEX `comment_author_0` ON `comment` (`author_id` ASC);
CREATE TABLE `user` (`user_id` SERIAL, `username` VARCHAR(255) NOT NULL, `password` VARCHAR(255) NOT NULL, `display_name` VARCHAR(255) NOT NULL);
CREATE TABLE `profile` (`profile_id` SERIAL, `user_id` INTEGER NOT NULL, `fav_cheese` VARCHAR(255) NOT NULL, `age` INTEGER(32) NOT NULL);
CREATE INDEX `profile_user_0` ON `profile` (`user_id` ASC);
CREATE TABLE `tag` (`tag_id` SERIAL, `tag` VARCHAR(255) NOT NULL);
CREATE TABLE `blog_x_tag` (`blog_x_tag_id` SERIAL, `l_blog_id` INTEGER NOT NULL, `r_tag_id` INTEGER NOT NULL);
CREATE INDEX `blog_x_tag_lhs_0` ON `blog_x_tag` (`l_blog_id` ASC);
CREATE INDEX `blog_x_tag_rhs_0` ON `blog_x_tag` (`r_tag_id` ASC);
