
Blog 2
  My second entry

All Blogs
  Andy Blog 1
  Andy Blog 2
  Bob Blog 1
  Hello, World

Comments for 'Andy Blog 2'
  Andy Comment 1 on Andy Blog 2
  Bob Comment 1 on Andy Blog 2

Comments for 'Andy Blog 2' by 'bob'
  Bob Comment 1 on Andy Blog 2

Tags for 'Andy Blog 2'
  Red

Blogs tagged as Orange
  Andy Blog 1
  Bob Blog 1

Last 3 comments with their author
  Andy Comment 2 on Bob Blog 1                       Andy Andrews
  Bob Comment 1 on Andy Blog 2                       Bobby Brown
  Andy Comment 1 on Andy Blog 2                      Andy Andrews

Comments on people who like stilton or brie
  Andy Comment 1 on Bob Blog 1
  Andy Comment 2 on Bob Blog 1

Blog has 2 comments

Oldest contributer is 46
